# JRE version: OpenJDK Runtime Environment Microsoft-8035246 (17.0.8+7) (build 17.0.8+7-LTS)
# Java VM: OpenJDK 64-Bit Server VM Microsoft-8035246 (17.0.8+7-LTS, mixed mode, sharing, tiered, compressed oops, compressed class ptrs, g1 gc, windows-amd64)
GC Precious Log:
 CPUs: 12 total, 12 available
 Memory: 15724M
 Large Page Support: Disabled
 NUMA Support: Disabled
 Compressed Oops: Enabled (32-bit)
 Heap Region Size: 1M
 Heap Min Capacity: 8M
 Heap Initial Capacity: 246M
 Heap Max Capacity: 2G
 Pre-touch: Disabled
 Parallel Workers: 10
 Concurrent Workers: 3
 Concurrent Refinement Workers: 10
 Periodic GC: Disabled
Heap:
 garbage-first heap   total 282624K, used 222097K [0x0000000080000000, 0x0000000100000000)
  region size 1024K, 31 young (31744K), 5 survivors (5120K)
 Metaspace       used 114492K, committed 115776K, reserved 557056K
  class space    used 15684K, committed 16320K, reserved 425984K
GC Heap History (20 events):
Event: 22.927 GC heap before
{Heap before GC invocations=53 (full 0):
 garbage-first heap   total 282624K, used 223872K [0x0000000080000000, 0x0000000100000000)
  region size 1024K, 118 young (120832K), 5 survivors (5120K)
 Metaspace       used 100889K, committed 101952K, reserved 557056K
  class space    used 14169K, committed 14656K, reserved 425984K
}
Event: 22.937 GC heap after
{Heap after GC invocations=54 (full 0):
 garbage-first heap   total 282624K, used 127953K [0x0000000080000000, 0x0000000100000000)
  region size 1024K, 15 young (15360K), 15 survivors (15360K)
 Metaspace       used 100889K, committed 101952K, reserved 557056K
  class space    used 14169K, committed 14656K, reserved 425984K
}
Event: 23.910 GC heap before
{Heap before GC invocations=54 (full 0):
 garbage-first heap   total 282624K, used 223185K [0x0000000080000000, 0x0000000100000000)
  region size 1024K, 106 young (108544K), 15 survivors (15360K)
 Metaspace       used 103326K, committed 104448K, reserved 557056K
  class space    used 14436K, committed 14976K, reserved 425984K
}
Event: 23.921 GC heap after
{Heap after GC invocations=55 (full 0):
 garbage-first heap   total 282624K, used 146957K [0x0000000080000000, 0x0000000100000000)
  region size 1024K, 14 young (14336K), 14 survivors (14336K)
 Metaspace       used 103326K, committed 104448K, reserved 557056K
  class space    used 14436K, committed 14976K, reserved 425984K
}
Event: 24.618 GC heap before
{Heap before GC invocations=55 (full 0):
 garbage-first heap   total 282624K, used 224781K [0x0000000080000000, 0x0000000100000000)
  region size 1024K, 88 young (90112K), 14 survivors (14336K)
 Metaspace       used 108409K, committed 109632K, reserved 557056K
  class space    used 15130K, committed 15744K, reserved 425984K
}
Event: 24.625 GC heap after
{Heap after GC invocations=56 (full 0):
 garbage-first heap   total 282624K, used 159112K [0x0000000080000000, 0x0000000100000000)
  region size 1024K, 10 young (10240K), 10 survivors (10240K)
 Metaspace       used 108409K, committed 109632K, reserved 557056K
  class space    used 15130K, committed 15744K, reserved 425984K
}
Event: 25.420 GC heap before
{Heap before GC invocations=56 (full 0):
 garbage-first heap   total 282624K, used 227720K [0x0000000080000000, 0x0000000100000000)
  region size 1024K, 77 young (78848K), 10 survivors (10240K)
 Metaspace       used 110843K, committed 112064K, reserved 557056K
  class space    used 15424K, committed 16000K, reserved 425984K
}
Event: 25.428 GC heap after
{Heap after GC invocations=57 (full 0):
 garbage-first heap   total 282624K, used 168542K [0x0000000080000000, 0x0000000100000000)
  region size 1024K, 10 young (10240K), 10 survivors (10240K)
 Metaspace       used 110843K, committed 112064K, reserved 557056K
  class space    used 15424K, committed 16000K, reserved 425984K
}
Event: 26.065 GC heap before
{Heap before GC invocations=57 (full 0):
 garbage-first heap   total 282624K, used 229982K [0x0000000080000000, 0x0000000100000000)
  region size 1024K, 70 young (71680K), 10 survivors (10240K)
 Metaspace       used 111282K, committed 112576K, reserved 557056K
  class space    used 15448K, committed 16064K, reserved 425984K
}
Event: 26.072 GC heap after
{Heap after GC invocations=58 (full 0):
 garbage-first heap   total 282624K, used 174564K [0x0000000080000000, 0x0000000100000000)
  region size 1024K, 7 young (7168K), 7 survivors (7168K)
 Metaspace       used 111282K, committed 112576K, reserved 557056K
  class space    used 15448K, committed 16064K, reserved 425984K
}
Event: 26.447 GC heap before
{Heap before GC invocations=58 (full 0):
 garbage-first heap   total 282624K, used 230884K [0x0000000080000000, 0x0000000100000000)
  region size 1024K, 63 young (64512K), 7 survivors (7168K)
 Metaspace       used 112739K, committed 113984K, reserved 557056K
  class space    used 15592K, committed 16192K, reserved 425984K
}
Event: 26.454 GC heap after
{Heap after GC invocations=59 (full 0):
 garbage-first heap   total 282624K, used 182399K [0x0000000080000000, 0x0000000100000000)
  region size 1024K, 8 young (8192K), 8 survivors (8192K)
 Metaspace       used 112739K, committed 113984K, reserved 557056K
  class space    used 15592K, committed 16192K, reserved 425984K
}
Event: 26.749 GC heap before
{Heap before GC invocations=59 (full 0):
 garbage-first heap   total 282624K, used 238719K [0x0000000080000000, 0x0000000100000000)
  region size 1024K, 59 young (60416K), 8 survivors (8192K)
 Metaspace       used 113928K, committed 115200K, reserved 557056K
  class space    used 15636K, committed 16256K, reserved 425984K
}
Event: 26.754 GC heap after
{Heap after GC invocations=60 (full 0):
 garbage-first heap   total 282624K, used 185635K [0x0000000080000000, 0x0000000100000000)
  region size 1024K, 3 young (3072K), 3 survivors (3072K)
 Metaspace       used 113928K, committed 115200K, reserved 557056K
  class space    used 15636K, committed 16256K, reserved 425984K
}
Event: 27.020 GC heap before
{Heap before GC invocations=60 (full 0):
 garbage-first heap   total 282624K, used 236835K [0x0000000080000000, 0x0000000100000000)
  region size 1024K, 53 young (54272K), 3 survivors (3072K)
 Metaspace       used 114409K, committed 115712K, reserved 557056K
  class space    used 15684K, committed 16320K, reserved 425984K
}
Event: 27.024 GC heap after
{Heap after GC invocations=61 (full 0):
 garbage-first heap   total 282624K, used 191631K [0x0000000080000000, 0x0000000100000000)
  region size 1024K, 7 young (7168K), 7 survivors (7168K)
 Metaspace       used 114409K, committed 115712K, reserved 557056K
  class space    used 15684K, committed 16320K, reserved 425984K
}
Event: 27.203 GC heap before
{Heap before GC invocations=61 (full 0):
 garbage-first heap   total 282624K, used 235663K [0x0000000080000000, 0x0000000100000000)
  region size 1024K, 51 young (52224K), 7 survivors (7168K)
 Metaspace       used 114488K, committed 115776K, reserved 557056K
  class space    used 15684K, committed 16320K, reserved 425984K
}
Event: 27.208 GC heap after
{Heap after GC invocations=62 (full 0):
 garbage-first heap   total 282624K, used 194901K [0x0000000080000000, 0x0000000100000000)
  region size 1024K, 3 young (3072K), 3 survivors (3072K)
 Metaspace       used 114488K, committed 115776K, reserved 557056K
  class space    used 15684K, committed 16320K, reserved 425984K
}
Event: 27.664 GC heap before
{Heap before GC invocations=62 (full 0):
 garbage-first heap   total 282624K, used 237909K [0x0000000080000000, 0x0000000100000000)
  region size 1024K, 46 young (47104K), 3 survivors (3072K)
 Metaspace       used 114491K, committed 115776K, reserved 557056K
  class space    used 15684K, committed 16320K, reserved 425984K
}
Event: 27.666 GC heap after
{Heap after GC invocations=63 (full 0):
 garbage-first heap   total 282624K, used 196497K [0x0000000080000000, 0x0000000100000000)
  region size 1024K, 5 young (5120K), 5 survivors (5120K)
 Metaspace       used 114491K, committed 115776K, reserved 557056K
  class space    used 15684K, committed 16320K, reserved 425984K
}

