# JRE version: OpenJDK Runtime Environment Microsoft-8035246 (17.0.8+7) (build 17.0.8+7-LTS)
# Java VM: OpenJDK 64-Bit Server VM Microsoft-8035246 (17.0.8+7-LTS, mixed mode, sharing, tiered, compressed oops, compressed class ptrs, g1 gc, windows-amd64)
GC Precious Log:
 CPUs: 12 total, 12 available
 Memory: 15724M
 Large Page Support: Disabled
 NUMA Support: Disabled
 Compressed Oops: Enabled (32-bit)
 Heap Region Size: 1M
 Heap Min Capacity: 8M
 Heap Initial Capacity: 246M
 Heap Max Capacity: 2G
 Pre-touch: Disabled
 Parallel Workers: 10
 Concurrent Workers: 3
 Concurrent Refinement Workers: 10
 Periodic GC: Disabled
Heap:
 garbage-first heap   total 286720K, used 201975K [0x0000000080000000, 0x0000000100000000)
  region size 1024K, 7 young (7168K), 6 survivors (6144K)
 Metaspace       used 114424K, committed 115712K, reserved 557056K
  class space    used 15678K, committed 16256K, reserved 425984K
GC Heap History (20 events):
Event: 30.674 GC heap before
{Heap before GC invocations=87 (full 0):
 garbage-first heap   total 238592K, used 203232K [0x0000000080000000, 0x0000000100000000)
  region size 1024K, 29 young (29696K), 3 survivors (3072K)
 Metaspace       used 111585K, committed 112832K, reserved 557056K
  class space    used 15489K, committed 16064K, reserved 425984K
}
Event: 30.677 GC heap after
{Heap after GC invocations=88 (full 0):
 garbage-first heap   total 238592K, used 179804K [0x0000000080000000, 0x0000000100000000)
  region size 1024K, 4 young (4096K), 4 survivors (4096K)
 Metaspace       used 111585K, committed 112832K, reserved 557056K
  class space    used 15489K, committed 16064K, reserved 425984K
}
Event: 30.827 GC heap before
{Heap before GC invocations=88 (full 0):
 garbage-first heap   total 238592K, used 202332K [0x0000000080000000, 0x0000000100000000)
  region size 1024K, 27 young (27648K), 4 survivors (4096K)
 Metaspace       used 112264K, committed 113536K, reserved 557056K
  class space    used 15549K, committed 16128K, reserved 425984K
}
Event: 30.831 GC heap after
{Heap after GC invocations=89 (full 0):
 garbage-first heap   total 238592K, used 183096K [0x0000000080000000, 0x0000000100000000)
  region size 1024K, 4 young (4096K), 4 survivors (4096K)
 Metaspace       used 112264K, committed 113536K, reserved 557056K
  class space    used 15549K, committed 16128K, reserved 425984K
}
Event: 31.040 GC heap before
{Heap before GC invocations=89 (full 0):
 garbage-first heap   total 238592K, used 208696K [0x0000000080000000, 0x0000000100000000)
  region size 1024K, 25 young (25600K), 4 survivors (4096K)
 Metaspace       used 113591K, committed 114880K, reserved 557056K
  class space    used 15623K, committed 16192K, reserved 425984K
}
Event: 31.044 GC heap after
{Heap after GC invocations=90 (full 0):
 garbage-first heap   total 238592K, used 185681K [0x0000000080000000, 0x0000000100000000)
  region size 1024K, 4 young (4096K), 4 survivors (4096K)
 Metaspace       used 113591K, committed 114880K, reserved 557056K
  class space    used 15623K, committed 16192K, reserved 425984K
}
Event: 31.151 GC heap before
{Heap before GC invocations=90 (full 0):
 garbage-first heap   total 238592K, used 203089K [0x0000000080000000, 0x0000000100000000)
  region size 1024K, 22 young (22528K), 4 survivors (4096K)
 Metaspace       used 113764K, committed 115072K, reserved 557056K
  class space    used 15628K, committed 16192K, reserved 425984K
}
Event: 31.153 GC heap after
{Heap after GC invocations=91 (full 0):
 garbage-first heap   total 238592K, used 186691K [0x0000000080000000, 0x0000000100000000)
  region size 1024K, 2 young (2048K), 2 survivors (2048K)
 Metaspace       used 113764K, committed 115072K, reserved 557056K
  class space    used 15628K, committed 16192K, reserved 425984K
}
Event: 31.275 GC heap before
{Heap before GC invocations=91 (full 0):
 garbage-first heap   total 238592K, used 204099K [0x0000000080000000, 0x0000000100000000)
  region size 1024K, 20 young (20480K), 2 survivors (2048K)
 Metaspace       used 113917K, committed 115200K, reserved 557056K
  class space    used 15629K, committed 16192K, reserved 425984K
}
Event: 31.277 GC heap after
{Heap after GC invocations=92 (full 0):
 garbage-first heap   total 238592K, used 187125K [0x0000000080000000, 0x0000000100000000)
  region size 1024K, 2 young (2048K), 2 survivors (2048K)
 Metaspace       used 113917K, committed 115200K, reserved 557056K
  class space    used 15629K, committed 16192K, reserved 425984K
}
Event: 31.365 GC heap before
{Heap before GC invocations=92 (full 0):
 garbage-first heap   total 238592K, used 206581K [0x0000000080000000, 0x0000000100000000)
  region size 1024K, 21 young (21504K), 2 survivors (2048K)
 Metaspace       used 113991K, committed 115264K, reserved 557056K
  class space    used 15629K, committed 16192K, reserved 425984K
}
Event: 31.367 GC heap after
{Heap after GC invocations=93 (full 0):
 garbage-first heap   total 238592K, used 187682K [0x0000000080000000, 0x0000000100000000)
  region size 1024K, 3 young (3072K), 3 survivors (3072K)
 Metaspace       used 113991K, committed 115264K, reserved 557056K
  class space    used 15629K, committed 16192K, reserved 425984K
}
Event: 31.537 GC heap before
{Heap before GC invocations=93 (full 0):
 garbage-first heap   total 238592K, used 207138K [0x0000000080000000, 0x0000000100000000)
  region size 1024K, 22 young (22528K), 3 survivors (3072K)
 Metaspace       used 114335K, committed 115648K, reserved 557056K
  class space    used 15677K, committed 16256K, reserved 425984K
}
Event: 31.540 GC heap after
{Heap after GC invocations=94 (full 0):
 garbage-first heap   total 238592K, used 191519K [0x0000000080000000, 0x0000000100000000)
  region size 1024K, 3 young (3072K), 3 survivors (3072K)
 Metaspace       used 114335K, committed 115648K, reserved 557056K
  class space    used 15677K, committed 16256K, reserved 425984K
}
Event: 31.640 GC heap before
{Heap before GC invocations=94 (full 0):
 garbage-first heap   total 238592K, used 205855K [0x0000000080000000, 0x0000000100000000)
  region size 1024K, 18 young (18432K), 3 survivors (3072K)
 Metaspace       used 114347K, committed 115648K, reserved 557056K
  class space    used 15677K, committed 16256K, reserved 425984K
}
Event: 31.643 GC heap after
{Heap after GC invocations=95 (full 0):
 garbage-first heap   total 286720K, used 193924K [0x0000000080000000, 0x0000000100000000)
  region size 1024K, 3 young (3072K), 3 survivors (3072K)
 Metaspace       used 114347K, committed 115648K, reserved 557056K
  class space    used 15677K, committed 16256K, reserved 425984K
}
Event: 31.876 GC heap before
{Heap before GC invocations=95 (full 0):
 garbage-first heap   total 286720K, used 233860K [0x0000000080000000, 0x0000000100000000)
  region size 1024K, 43 young (44032K), 3 survivors (3072K)
 Metaspace       used 114421K, committed 115712K, reserved 557056K
  class space    used 15677K, committed 16256K, reserved 425984K
}
Event: 31.880 GC heap after
{Heap after GC invocations=96 (full 0):
 garbage-first heap   total 286720K, used 196011K [0x0000000080000000, 0x0000000100000000)
  region size 1024K, 5 young (5120K), 5 survivors (5120K)
 Metaspace       used 114421K, committed 115712K, reserved 557056K
  class space    used 15677K, committed 16256K, reserved 425984K
}
Event: 32.479 GC heap before
{Heap before GC invocations=96 (full 0):
 garbage-first heap   total 286720K, used 236971K [0x0000000080000000, 0x0000000100000000)
  region size 1024K, 46 young (47104K), 5 survivors (5120K)
 Metaspace       used 114422K, committed 115712K, reserved 557056K
  class space    used 15677K, committed 16256K, reserved 425984K
}
Event: 32.482 GC heap after
{Heap after GC invocations=97 (full 0):
 garbage-first heap   total 286720K, used 198077K [0x0000000080000000, 0x0000000100000000)
  region size 1024K, 5 young (5120K), 5 survivors (5120K)
 Metaspace       used 114422K, committed 115712K, reserved 557056K
  class space    used 15677K, committed 16256K, reserved 425984K
}

