# JRE version: OpenJDK Runtime Environment Microsoft-8035246 (17.0.8+7) (build 17.0.8+7-LTS)
# Java VM: OpenJDK 64-Bit Server VM Microsoft-8035246 (17.0.8+7-LTS, mixed mode, sharing, tiered, compressed oops, compressed class ptrs, g1 gc, windows-amd64)
GC Precious Log:
 CPUs: 12 total, 12 available
 Memory: 15724M
 Large Page Support: Disabled
 NUMA Support: Disabled
 Compressed Oops: Enabled (32-bit)
 Heap Region Size: 1M
 Heap Min Capacity: 8M
 Heap Initial Capacity: 246M
 Heap Max Capacity: 2G
 Pre-touch: Disabled
 Parallel Workers: 10
 Concurrent Workers: 3
 Concurrent Refinement Workers: 10
 Periodic GC: Disabled
Heap:
 garbage-first heap   total 269312K, used 193817K [0x0000000080000000, 0x0000000100000000)
  region size 1024K, 30 young (30720K), 5 survivors (5120K)
 Metaspace       used 111864K, committed 112896K, reserved 557056K
  class space    used 15386K, committed 15872K, reserved 425984K
GC Heap History (20 events):
Event: 24.405 GC heap before
{Heap before GC invocations=51 (full 0):
 garbage-first heap   total 269312K, used 183856K [0x0000000080000000, 0x0000000100000000)
  region size 1024K, 93 young (95232K), 3 survivors (3072K)
 Metaspace       used 87761K, committed 88512K, reserved 557056K
  class space    used 12217K, committed 12544K, reserved 425984K
}
Event: 24.409 GC heap after
{Heap after GC invocations=52 (full 0):
 garbage-first heap   total 269312K, used 97116K [0x0000000080000000, 0x0000000100000000)
  region size 1024K, 8 young (8192K), 8 survivors (8192K)
 Metaspace       used 87761K, committed 88512K, reserved 557056K
  class space    used 12217K, committed 12544K, reserved 425984K
}
Event: 24.458 GC heap before
{Heap before GC invocations=52 (full 0):
 garbage-first heap   total 269312K, used 102236K [0x0000000080000000, 0x0000000100000000)
  region size 1024K, 13 young (13312K), 8 survivors (8192K)
 Metaspace       used 87842K, committed 88640K, reserved 557056K
  class space    used 12229K, committed 12608K, reserved 425984K
}
Event: 24.461 GC heap after
{Heap after GC invocations=53 (full 0):
 garbage-first heap   total 269312K, used 98161K [0x0000000080000000, 0x0000000100000000)
  region size 1024K, 2 young (2048K), 2 survivors (2048K)
 Metaspace       used 87842K, committed 88640K, reserved 557056K
  class space    used 12229K, committed 12608K, reserved 425984K
}
Event: 25.191 GC heap before
{Heap before GC invocations=53 (full 0):
 garbage-first heap   total 269312K, used 192369K [0x0000000080000000, 0x0000000100000000)
  region size 1024K, 94 young (96256K), 2 survivors (2048K)
 Metaspace       used 94229K, committed 94976K, reserved 557056K
  class space    used 13266K, committed 13632K, reserved 425984K
}
Event: 25.194 GC heap after
{Heap after GC invocations=54 (full 0):
 garbage-first heap   total 269312K, used 100251K [0x0000000080000000, 0x0000000100000000)
  region size 1024K, 4 young (4096K), 4 survivors (4096K)
 Metaspace       used 94229K, committed 94976K, reserved 557056K
  class space    used 13266K, committed 13632K, reserved 425984K
}
Event: 25.911 GC heap before
{Heap before GC invocations=54 (full 0):
 garbage-first heap   total 269312K, used 202651K [0x0000000080000000, 0x0000000100000000)
  region size 1024K, 100 young (102400K), 4 survivors (4096K)
 Metaspace       used 97997K, committed 98944K, reserved 557056K
  class space    used 13741K, committed 14208K, reserved 425984K
}
Event: 25.916 GC heap after
{Heap after GC invocations=55 (full 0):
 garbage-first heap   total 269312K, used 114974K [0x0000000080000000, 0x0000000100000000)
  region size 1024K, 13 young (13312K), 13 survivors (13312K)
 Metaspace       used 97997K, committed 98944K, reserved 557056K
  class space    used 13741K, committed 14208K, reserved 425984K
}
Event: 26.753 GC heap before
{Heap before GC invocations=55 (full 0):
 garbage-first heap   total 269312K, used 205086K [0x0000000080000000, 0x0000000100000000)
  region size 1024K, 100 young (102400K), 13 survivors (13312K)
 Metaspace       used 101151K, committed 102016K, reserved 557056K
  class space    used 14163K, committed 14592K, reserved 425984K
}
Event: 26.764 GC heap after
{Heap after GC invocations=56 (full 0):
 garbage-first heap   total 269312K, used 129842K [0x0000000080000000, 0x0000000100000000)
  region size 1024K, 13 young (13312K), 13 survivors (13312K)
 Metaspace       used 101151K, committed 102016K, reserved 557056K
  class space    used 14163K, committed 14592K, reserved 425984K
}
Event: 27.603 GC heap before
{Heap before GC invocations=56 (full 0):
 garbage-first heap   total 269312K, used 208690K [0x0000000080000000, 0x0000000100000000)
  region size 1024K, 89 young (91136K), 13 survivors (13312K)
 Metaspace       used 104193K, committed 105088K, reserved 557056K
  class space    used 14597K, committed 15040K, reserved 425984K
}
Event: 27.612 GC heap after
{Heap after GC invocations=57 (full 0):
 garbage-first heap   total 269312K, used 142663K [0x0000000080000000, 0x0000000100000000)
  region size 1024K, 10 young (10240K), 10 survivors (10240K)
 Metaspace       used 104193K, committed 105088K, reserved 557056K
  class space    used 14597K, committed 15040K, reserved 425984K
}
Event: 28.399 GC heap before
{Heap before GC invocations=57 (full 0):
 garbage-first heap   total 269312K, used 212295K [0x0000000080000000, 0x0000000100000000)
  region size 1024K, 78 young (79872K), 10 survivors (10240K)
 Metaspace       used 108588K, committed 109504K, reserved 557056K
  class space    used 15141K, committed 15552K, reserved 425984K
}
Event: 28.407 GC heap after
{Heap after GC invocations=58 (full 0):
 garbage-first heap   total 269312K, used 149537K [0x0000000080000000, 0x0000000100000000)
  region size 1024K, 7 young (7168K), 7 survivors (7168K)
 Metaspace       used 108588K, committed 109504K, reserved 557056K
  class space    used 15141K, committed 15552K, reserved 425984K
}
Event: 28.806 GC heap before
{Heap before GC invocations=58 (full 0):
 garbage-first heap   total 269312K, used 214049K [0x0000000080000000, 0x0000000100000000)
  region size 1024K, 71 young (72704K), 7 survivors (7168K)
 Metaspace       used 109946K, committed 110912K, reserved 557056K
  class space    used 15265K, committed 15680K, reserved 425984K
}
Event: 28.813 GC heap after
{Heap after GC invocations=59 (full 0):
 garbage-first heap   total 269312K, used 158233K [0x0000000080000000, 0x0000000100000000)
  region size 1024K, 9 young (9216K), 9 survivors (9216K)
 Metaspace       used 109946K, committed 110912K, reserved 557056K
  class space    used 15265K, committed 15680K, reserved 425984K
}
Event: 29.239 GC heap before
{Heap before GC invocations=59 (full 0):
 garbage-first heap   total 269312K, used 221721K [0x0000000080000000, 0x0000000100000000)
  region size 1024K, 67 young (68608K), 9 survivors (9216K)
 Metaspace       used 111744K, committed 112704K, reserved 557056K
  class space    used 15385K, committed 15872K, reserved 425984K
}
Event: 29.246 GC heap after
{Heap after GC invocations=60 (full 0):
 garbage-first heap   total 269312K, used 164724K [0x0000000080000000, 0x0000000100000000)
  region size 1024K, 7 young (7168K), 7 survivors (7168K)
 Metaspace       used 111744K, committed 112704K, reserved 557056K
  class space    used 15385K, committed 15872K, reserved 425984K
}
Event: 29.434 GC heap before
{Heap before GC invocations=60 (full 0):
 garbage-first heap   total 269312K, used 218996K [0x0000000080000000, 0x0000000100000000)
  region size 1024K, 61 young (62464K), 7 survivors (7168K)
 Metaspace       used 111863K, committed 112896K, reserved 557056K
  class space    used 15386K, committed 15872K, reserved 425984K
}
Event: 29.439 GC heap after
{Heap after GC invocations=61 (full 0):
 garbage-first heap   total 269312K, used 169241K [0x0000000080000000, 0x0000000100000000)
  region size 1024K, 5 young (5120K), 5 survivors (5120K)
 Metaspace       used 111863K, committed 112896K, reserved 557056K
  class space    used 15386K, committed 15872K, reserved 425984K
}

