# JRE version: OpenJDK Runtime Environment Microsoft-8035246 (17.0.8+7) (build 17.0.8+7-LTS)
# Java VM: OpenJDK 64-Bit Server VM Microsoft-8035246 (17.0.8+7-LTS, mixed mode, sharing, tiered, compressed oops, compressed class ptrs, g1 gc, windows-amd64)
GC Precious Log:
 CPUs: 12 total, 12 available
 Memory: 15724M
 Large Page Support: Disabled
 NUMA Support: Disabled
 Compressed Oops: Enabled (32-bit)
 Heap Region Size: 1M
 Heap Min Capacity: 8M
 Heap Initial Capacity: 246M
 Heap Max Capacity: 2G
 Pre-touch: Disabled
 Parallel Workers: 10
 Concurrent Workers: 3
 Concurrent Refinement Workers: 10
 Periodic GC: Disabled
Heap:
 garbage-first heap   total 282624K, used 204669K [0x0000000080000000, 0x0000000100000000)
  region size 1024K, 12 young (12288K), 5 survivors (5120K)
 Metaspace       used 114563K, committed 115904K, reserved 557056K
  class space    used 15696K, committed 16320K, reserved 425984K
GC Heap History (20 events):
Event: 23.461 GC heap after
{Heap after GC invocations=46 (full 0):
 garbage-first heap   total 235520K, used 181776K [0x0000000080000000, 0x0000000100000000)
  region size 1024K, 3 young (3072K), 3 survivors (3072K)
 Metaspace       used 111776K, committed 113024K, reserved 557056K
  class space    used 15507K, committed 16128K, reserved 425984K
}
Event: 23.660 GC heap before
{Heap before GC invocations=46 (full 0):
 garbage-first heap   total 235520K, used 202256K [0x0000000080000000, 0x0000000100000000)
  region size 1024K, 24 young (24576K), 3 survivors (3072K)
 Metaspace       used 112668K, committed 113856K, reserved 557056K
  class space    used 15584K, committed 16192K, reserved 425984K
}
Event: 23.664 GC heap after
{Heap after GC invocations=47 (full 0):
 garbage-first heap   total 235520K, used 185800K [0x0000000080000000, 0x0000000100000000)
  region size 1024K, 3 young (3072K), 3 survivors (3072K)
 Metaspace       used 112668K, committed 113856K, reserved 557056K
  class space    used 15584K, committed 16192K, reserved 425984K
}
Event: 23.823 GC heap before
{Heap before GC invocations=47 (full 0):
 garbage-first heap   total 235520K, used 207304K [0x0000000080000000, 0x0000000100000000)
  region size 1024K, 20 young (20480K), 3 survivors (3072K)
 Metaspace       used 113772K, committed 115072K, reserved 557056K
  class space    used 15641K, committed 16256K, reserved 425984K
}
Event: 23.826 GC heap after
{Heap after GC invocations=48 (full 0):
 garbage-first heap   total 235520K, used 187399K [0x0000000080000000, 0x0000000100000000)
  region size 1024K, 2 young (2048K), 2 survivors (2048K)
 Metaspace       used 113772K, committed 115072K, reserved 557056K
  class space    used 15641K, committed 16256K, reserved 425984K
}
Event: 23.954 GC heap before
{Heap before GC invocations=48 (full 0):
 garbage-first heap   total 235520K, used 203783K [0x0000000080000000, 0x0000000100000000)
  region size 1024K, 19 young (19456K), 2 survivors (2048K)
 Metaspace       used 113927K, committed 115136K, reserved 557056K
  class space    used 15647K, committed 16256K, reserved 425984K
}
Event: 23.957 GC heap after
{Heap after GC invocations=49 (full 0):
 garbage-first heap   total 235520K, used 187879K [0x0000000080000000, 0x0000000100000000)
  region size 1024K, 2 young (2048K), 2 survivors (2048K)
 Metaspace       used 113927K, committed 115136K, reserved 557056K
  class space    used 15647K, committed 16256K, reserved 425984K
}
Event: 24.148 GC heap before
{Heap before GC invocations=49 (full 0):
 garbage-first heap   total 235520K, used 204263K [0x0000000080000000, 0x0000000100000000)
  region size 1024K, 19 young (19456K), 2 survivors (2048K)
 Metaspace       used 114083K, committed 115328K, reserved 557056K
  class space    used 15647K, committed 16256K, reserved 425984K
}
Event: 24.150 GC heap after
{Heap after GC invocations=50 (full 0):
 garbage-first heap   total 235520K, used 188515K [0x0000000080000000, 0x0000000100000000)
  region size 1024K, 2 young (2048K), 2 survivors (2048K)
 Metaspace       used 114083K, committed 115328K, reserved 557056K
  class space    used 15647K, committed 16256K, reserved 425984K
}
Event: 24.250 GC heap before
{Heap before GC invocations=50 (full 0):
 garbage-first heap   total 235520K, used 205923K [0x0000000080000000, 0x0000000100000000)
  region size 1024K, 19 young (19456K), 2 survivors (2048K)
 Metaspace       used 114122K, committed 115392K, reserved 557056K
  class space    used 15647K, committed 16256K, reserved 425984K
}
Event: 24.252 GC heap after
{Heap after GC invocations=51 (full 0):
 garbage-first heap   total 235520K, used 189081K [0x0000000080000000, 0x0000000100000000)
  region size 1024K, 2 young (2048K), 2 survivors (2048K)
 Metaspace       used 114122K, committed 115392K, reserved 557056K
  class space    used 15647K, committed 16256K, reserved 425984K
}
Event: 24.423 GC heap before
{Heap before GC invocations=51 (full 0):
 garbage-first heap   total 235520K, used 206489K [0x0000000080000000, 0x0000000100000000)
  region size 1024K, 20 young (20480K), 2 survivors (2048K)
 Metaspace       used 114479K, committed 115776K, reserved 557056K
  class space    used 15695K, committed 16320K, reserved 425984K
}
Event: 24.426 GC heap after
{Heap after GC invocations=52 (full 0):
 garbage-first heap   total 235520K, used 191916K [0x0000000080000000, 0x0000000100000000)
  region size 1024K, 3 young (3072K), 3 survivors (3072K)
 Metaspace       used 114479K, committed 115776K, reserved 557056K
  class space    used 15695K, committed 16320K, reserved 425984K
}
Event: 24.474 GC heap before
{Heap before GC invocations=52 (full 0):
 garbage-first heap   total 235520K, used 205228K [0x0000000080000000, 0x0000000100000000)
  region size 1024K, 17 young (17408K), 3 survivors (3072K)
 Metaspace       used 114490K, committed 115776K, reserved 557056K
  class space    used 15696K, committed 16320K, reserved 425984K
}
Event: 24.477 GC heap after
{Heap after GC invocations=53 (full 0):
 garbage-first heap   total 235520K, used 194790K [0x0000000080000000, 0x0000000100000000)
  region size 1024K, 3 young (3072K), 3 survivors (3072K)
 Metaspace       used 114490K, committed 115776K, reserved 557056K
  class space    used 15696K, committed 16320K, reserved 425984K
}
Event: 24.517 GC heap before
{Heap before GC invocations=53 (full 0):
 garbage-first heap   total 235520K, used 204006K [0x0000000080000000, 0x0000000100000000)
  region size 1024K, 13 young (13312K), 3 survivors (3072K)
 Metaspace       used 114495K, committed 115776K, reserved 557056K
  class space    used 15696K, committed 16320K, reserved 425984K
}
Event: 24.520 GC heap after
{Heap after GC invocations=54 (full 0):
 garbage-first heap   total 282624K, used 195548K [0x0000000080000000, 0x0000000100000000)
  region size 1024K, 1 young (1024K), 1 survivors (1024K)
 Metaspace       used 114495K, committed 115776K, reserved 557056K
  class space    used 15696K, committed 16320K, reserved 425984K
}
Event: 24.723 GC heap before
{Heap before GC invocations=54 (full 0):
 garbage-first heap   total 282624K, used 235484K [0x0000000080000000, 0x0000000100000000)
  region size 1024K, 41 young (41984K), 1 survivors (1024K)
 Metaspace       used 114561K, committed 115904K, reserved 557056K
  class space    used 15696K, committed 16320K, reserved 425984K
}
Event: 24.725 GC heap after
{Heap after GC invocations=55 (full 0):
 garbage-first heap   total 282624K, used 197628K [0x0000000080000000, 0x0000000100000000)
  region size 1024K, 3 young (3072K), 3 survivors (3072K)
 Metaspace       used 114561K, committed 115904K, reserved 557056K
  class space    used 15696K, committed 16320K, reserved 425984K
}
Event: 25.094 GC heap before
{Heap before GC invocations=55 (full 0):
 garbage-first heap   total 282624K, used 237564K [0x0000000080000000, 0x0000000100000000)
  region size 1024K, 43 young (44032K), 3 survivors (3072K)
 Metaspace       used 114563K, committed 115904K, reserved 557056K
  class space    used 15696K, committed 16320K, reserved 425984K
}

