# JRE version: OpenJDK Runtime Environment Microsoft-8035246 (17.0.8+7) (build 17.0.8+7-LTS)
# Java VM: OpenJDK 64-Bit Server VM Microsoft-8035246 (17.0.8+7-LTS, mixed mode, sharing, tiered, compressed oops, compressed class ptrs, g1 gc, windows-amd64)
GC Precious Log:
 CPUs: 12 total, 12 available
 Memory: 15724M
 Large Page Support: Disabled
 NUMA Support: Disabled
 Compressed Oops: Enabled (32-bit)
 Heap Region Size: 1M
 Heap Min Capacity: 8M
 Heap Initial Capacity: 246M
 Heap Max Capacity: 2G
 Pre-touch: Disabled
 Parallel Workers: 10
 Concurrent Workers: 3
 Concurrent Refinement Workers: 10
 Periodic GC: Disabled
Heap:
 garbage-first heap   total 299008K, used 243351K [0x0000000080000000, 0x0000000100000000)
  region size 1024K, 54 young (55296K), 2 survivors (2048K)
 Metaspace       used 116962K, committed 118208K, reserved 557056K
  class space    used 15990K, committed 16576K, reserved 425984K
GC Heap History (20 events):
Event: 22.074 GC heap before
{Heap before GC invocations=67 (full 0):
 garbage-first heap   total 206848K, used 177742K [0x0000000080000000, 0x0000000100000000)
  region size 1024K, 16 young (16384K), 3 survivors (3072K)
 Metaspace       used 112691K, committed 113856K, reserved 557056K
  class space    used 15639K, committed 16192K, reserved 425984K
}
Event: 22.077 GC heap after
{Heap after GC invocations=68 (full 0):
 garbage-first heap   total 206848K, used 166594K [0x0000000080000000, 0x0000000100000000)
  region size 1024K, 2 young (2048K), 2 survivors (2048K)
 Metaspace       used 112691K, committed 113856K, reserved 557056K
  class space    used 15639K, committed 16192K, reserved 425984K
}
Event: 22.198 GC heap before
{Heap before GC invocations=68 (full 0):
 garbage-first heap   total 206848K, used 178882K [0x0000000080000000, 0x0000000100000000)
  region size 1024K, 14 young (14336K), 2 survivors (2048K)
 Metaspace       used 113280K, committed 114560K, reserved 557056K
  class space    used 15718K, committed 16320K, reserved 425984K
}
Event: 22.201 GC heap after
{Heap after GC invocations=69 (full 0):
 garbage-first heap   total 248832K, used 168001K [0x0000000080000000, 0x0000000100000000)
  region size 1024K, 2 young (2048K), 2 survivors (2048K)
 Metaspace       used 113280K, committed 114560K, reserved 557056K
  class space    used 15718K, committed 16320K, reserved 425984K
}
Event: 22.545 GC heap before
{Heap before GC invocations=69 (full 0):
 garbage-first heap   total 248832K, used 204865K [0x0000000080000000, 0x0000000100000000)
  region size 1024K, 38 young (38912K), 2 survivors (2048K)
 Metaspace       used 113688K, committed 114944K, reserved 557056K
  class space    used 15747K, committed 16320K, reserved 425984K
}
Event: 22.548 GC heap after
{Heap after GC invocations=70 (full 0):
 garbage-first heap   total 248832K, used 171870K [0x0000000080000000, 0x0000000100000000)
  region size 1024K, 5 young (5120K), 5 survivors (5120K)
 Metaspace       used 113688K, committed 114944K, reserved 557056K
  class space    used 15747K, committed 16320K, reserved 425984K
}
Event: 22.831 GC heap before
{Heap before GC invocations=70 (full 0):
 garbage-first heap   total 248832K, used 207710K [0x0000000080000000, 0x0000000100000000)
  region size 1024K, 40 young (40960K), 5 survivors (5120K)
 Metaspace       used 113981K, committed 115200K, reserved 557056K
  class space    used 15777K, committed 16320K, reserved 425984K
}
Event: 22.835 GC heap after
{Heap after GC invocations=71 (full 0):
 garbage-first heap   total 248832K, used 175609K [0x0000000080000000, 0x0000000100000000)
  region size 1024K, 4 young (4096K), 4 survivors (4096K)
 Metaspace       used 113981K, committed 115200K, reserved 557056K
  class space    used 15777K, committed 16320K, reserved 425984K
}
Event: 23.063 GC heap before
{Heap before GC invocations=71 (full 0):
 garbage-first heap   total 248832K, used 208377K [0x0000000080000000, 0x0000000100000000)
  region size 1024K, 37 young (37888K), 4 survivors (4096K)
 Metaspace       used 114765K, committed 116032K, reserved 557056K
  class space    used 15850K, committed 16448K, reserved 425984K
}
Event: 23.068 GC heap after
{Heap after GC invocations=72 (full 0):
 garbage-first heap   total 248832K, used 179716K [0x0000000080000000, 0x0000000100000000)
  region size 1024K, 5 young (5120K), 5 survivors (5120K)
 Metaspace       used 114765K, committed 116032K, reserved 557056K
  class space    used 15850K, committed 16448K, reserved 425984K
}
Event: 23.305 GC heap before
{Heap before GC invocations=72 (full 0):
 garbage-first heap   total 248832K, used 214532K [0x0000000080000000, 0x0000000100000000)
  region size 1024K, 35 young (35840K), 5 survivors (5120K)
 Metaspace       used 116180K, committed 117504K, reserved 557056K
  class space    used 15935K, committed 16512K, reserved 425984K
}
Event: 23.310 GC heap after
{Heap after GC invocations=73 (full 0):
 garbage-first heap   total 248832K, used 182987K [0x0000000080000000, 0x0000000100000000)
  region size 1024K, 4 young (4096K), 4 survivors (4096K)
 Metaspace       used 116180K, committed 117504K, reserved 557056K
  class space    used 15935K, committed 16512K, reserved 425984K
}
Event: 23.463 GC heap before
{Heap before GC invocations=73 (full 0):
 garbage-first heap   total 248832K, used 210635K [0x0000000080000000, 0x0000000100000000)
  region size 1024K, 32 young (32768K), 4 survivors (4096K)
 Metaspace       used 116415K, committed 117632K, reserved 557056K
  class space    used 15940K, committed 16512K, reserved 425984K
}
Event: 23.466 GC heap after
{Heap after GC invocations=74 (full 0):
 garbage-first heap   total 248832K, used 184228K [0x0000000080000000, 0x0000000100000000)
  region size 1024K, 2 young (2048K), 2 survivors (2048K)
 Metaspace       used 116415K, committed 117632K, reserved 557056K
  class space    used 15940K, committed 16512K, reserved 425984K
}
Event: 23.626 GC heap before
{Heap before GC invocations=74 (full 0):
 garbage-first heap   total 248832K, used 211876K [0x0000000080000000, 0x0000000100000000)
  region size 1024K, 30 young (30720K), 2 survivors (2048K)
 Metaspace       used 116732K, committed 118016K, reserved 557056K
  class space    used 15977K, committed 16576K, reserved 425984K
}
Event: 23.628 GC heap after
{Heap after GC invocations=75 (full 0):
 garbage-first heap   total 248832K, used 185136K [0x0000000080000000, 0x0000000100000000)
  region size 1024K, 3 young (3072K), 3 survivors (3072K)
 Metaspace       used 116732K, committed 118016K, reserved 557056K
  class space    used 15977K, committed 16576K, reserved 425984K
}
Event: 23.793 GC heap before
{Heap before GC invocations=75 (full 0):
 garbage-first heap   total 248832K, used 212784K [0x0000000080000000, 0x0000000100000000)
  region size 1024K, 31 young (31744K), 3 survivors (3072K)
 Metaspace       used 116899K, committed 118144K, reserved 557056K
  class space    used 15990K, committed 16576K, reserved 425984K
}
Event: 23.798 GC heap after
{Heap after GC invocations=76 (full 0):
 garbage-first heap   total 248832K, used 190377K [0x0000000080000000, 0x0000000100000000)
  region size 1024K, 4 young (4096K), 4 survivors (4096K)
 Metaspace       used 116899K, committed 118144K, reserved 557056K
  class space    used 15990K, committed 16576K, reserved 425984K
}
Event: 23.907 GC heap before
{Heap before GC invocations=76 (full 0):
 garbage-first heap   total 248832K, used 212905K [0x0000000080000000, 0x0000000100000000)
  region size 1024K, 27 young (27648K), 4 survivors (4096K)
 Metaspace       used 116910K, committed 118208K, reserved 557056K
  class space    used 15990K, committed 16576K, reserved 425984K
}
Event: 23.911 GC heap after
{Heap after GC invocations=77 (full 0):
 garbage-first heap   total 299008K, used 192151K [0x0000000080000000, 0x0000000100000000)
  region size 1024K, 2 young (2048K), 2 survivors (2048K)
 Metaspace       used 116910K, committed 118208K, reserved 557056K
  class space    used 15990K, committed 16576K, reserved 425984K
}

